{"level":"info","message":"Identity service running on port 3002","service":"post-service","timestamp":"2025-03-31T17:18:29.005Z"}
{"level":"info","message":"Connected to mongoDB","service":"post-service","timestamp":"2025-03-31T17:18:29.559Z"}
{"level":"info","message":"Identity service running on port 3002","service":"post-service","timestamp":"2025-03-31T17:18:32.100Z"}
{"level":"info","message":"Connected to mongoDB","service":"post-service","timestamp":"2025-03-31T17:18:32.533Z"}
{"level":"info","message":"Identity service running on port 3002","service":"post-service","timestamp":"2025-03-31T17:18:35.913Z"}
{"level":"info","message":"Connected to mongoDB","service":"post-service","timestamp":"2025-03-31T17:18:36.360Z"}
{"level":"info","message":"Identity service running on port 3002","service":"post-service","timestamp":"2025-03-31T17:18:39.410Z"}
{"level":"info","message":"Connected to mongoDB","service":"post-service","timestamp":"2025-03-31T17:18:39.838Z"}
{"level":"info","message":"Identity service running on port 3002","service":"post-service","timestamp":"2025-03-31T17:18:41.416Z"}
{"level":"info","message":"Connected to mongoDB","service":"post-service","timestamp":"2025-03-31T17:18:41.903Z"}
{"level":"info","message":"Received POST request to /api/posts/create-post","service":"post-service","timestamp":"2025-03-31T17:18:52.228Z"}
{"level":"info","message":"Request body [object Object] ","service":"post-service","timestamp":"2025-03-31T17:18:52.229Z"}
{"level":"info","message":"Create Post endpoint hit","service":"post-service","timestamp":"2025-03-31T17:18:52.233Z"}
{"$__":{"$versionError":null,"activePaths":{"paths":{"content":"require","user":"require"},"states":{"default":{},"modify":{},"require":{"content":true,"user":true}}},"backup":{"activePaths":{"default":{"_id":true,"createdAt":true},"modify":{"content":true,"mediaIds":true,"updatedAt":true,"user":true}},"validationError":null},"cachedRequired":{},"inserting":true,"op":null,"pathsToScopes":{"mediaIds":{"__v":0,"_id":"67eace7c591a243756d64129","content":"New Third post created","createdAt":"2025-03-31T17:18:52.243Z","mediaIds":["67eacca3a4a4ac9124d2b660"],"updatedAt":"2025-03-31T17:18:52.243Z","user":"67d6da1f68240c6705b35097"}},"saveOptions":null,"savedState":{},"saving":null,"validating":null},"$isNew":false,"_doc":{"__v":0,"_id":"67eace7c591a243756d64129","content":"New Third post created","createdAt":"2025-03-31T17:18:52.243Z","mediaIds":["67eacca3a4a4ac9124d2b660"],"updatedAt":"2025-03-31T17:18:52.243Z","user":"67d6da1f68240c6705b35097"},"level":"info","message":"Post created successfully","service":"post-service","timestamp":"2025-03-31T17:18:52.288Z"}
{"level":"info","message":"Received GET request to /api/posts/all-posts","service":"post-service","timestamp":"2025-03-31T17:19:32.559Z"}
{"level":"info","message":"Request body [object Object] ","service":"post-service","timestamp":"2025-03-31T17:19:32.560Z"}
{"level":"info","message":"Identity service running on port 3002","service":"post-service","timestamp":"2025-04-01T17:04:41.487Z"}
{"level":"info","message":"Connected to mongoDB","service":"post-service","timestamp":"2025-04-01T17:04:42.068Z"}
{"level":"error","message":"Failed to connect to server e is not defined","service":"post-service","stack":"ReferenceError: e is not defined\n    at connectRabbitMQ (E:\\Practice\\microservice-project\\post-service\\src\\utils\\rabbitmq.js:18:53)\n    at process.processTicksAndRejections (node:internal/process/task_queues:95:5)\n    at async startServer (E:\\Practice\\microservice-project\\post-service\\src\\server.js:41:9)","timestamp":"2025-04-01T17:51:25.639Z"}
{"level":"error","message":"Error connecting to rabbitmq Assignment to constant variable.","service":"post-service","stack":"TypeError: Assignment to constant variable.\n    at connectRabbitMQ (E:\\Practice\\microservice-project\\post-service\\src\\utils\\rabbitmq.js:11:20)\n    at process.processTicksAndRejections (node:internal/process/task_queues:95:5)\n    at async startServer (E:\\Practice\\microservice-project\\post-service\\src\\server.js:41:9)","timestamp":"2025-04-01T17:52:16.422Z"}
{"level":"info","message":"Identity service running on port 3002","service":"post-service","timestamp":"2025-04-01T17:52:16.429Z"}
{"level":"info","message":"Connected to mongoDB","service":"post-service","timestamp":"2025-04-01T17:52:16.796Z"}
{"level":"error","message":"Error connecting to rabbitmq Assignment to constant variable.","service":"post-service","stack":"TypeError: Assignment to constant variable.\n    at connectRabbitMQ (E:\\Practice\\microservice-project\\post-service\\src\\utils\\rabbitmq.js:11:20)\n    at process.processTicksAndRejections (node:internal/process/task_queues:95:5)\n    at async startServer (E:\\Practice\\microservice-project\\post-service\\src\\server.js:41:9)","timestamp":"2025-04-01T17:52:41.711Z"}
{"level":"info","message":"Identity service running on port 3002","service":"post-service","timestamp":"2025-04-01T17:52:41.718Z"}
{"level":"info","message":"Connected to mongoDB","service":"post-service","timestamp":"2025-04-01T17:52:42.367Z"}
{"level":"error","message":"Error connecting to rabbitmq Assignment to constant variable.","service":"post-service","stack":"TypeError: Assignment to constant variable.\n    at connectRabbitMQ (E:\\Practice\\microservice-project\\post-service\\src\\utils\\rabbitmq.js:12:17)\n    at process.processTicksAndRejections (node:internal/process/task_queues:95:5)\n    at async startServer (E:\\Practice\\microservice-project\\post-service\\src\\server.js:41:9)","timestamp":"2025-04-01T17:53:13.691Z"}
{"level":"info","message":"Identity service running on port 3002","service":"post-service","timestamp":"2025-04-01T17:53:13.715Z"}
{"level":"info","message":"Connected to mongoDB","service":"post-service","timestamp":"2025-04-01T17:53:14.053Z"}
{"level":"info","message":"Connected to rabbitmq","service":"post-service","timestamp":"2025-04-01T17:53:17.795Z"}
{"level":"info","message":"Identity service running on port 3002","service":"post-service","timestamp":"2025-04-01T17:53:17.813Z"}
{"level":"info","message":"Connected to mongoDB","service":"post-service","timestamp":"2025-04-01T17:53:19.122Z"}
