{"level":"info","message":"Identity service running on port 3001","service":"identity-service","timestamp":"2025-03-30T12:33:04.159Z"}
{"level":"info","message":"Connected to mongoDB","service":"identity-service","timestamp":"2025-03-30T12:33:04.867Z"}
{"level":"info","message":"Received POST request to /api/auth/login","service":"identity-service","timestamp":"2025-03-30T13:48:40.784Z"}
{"level":"info","message":"Request body [object Object] ","service":"identity-service","timestamp":"2025-03-30T13:48:40.786Z"}
{"level":"info","message":"Login endpoint hit...","service":"identity-service","timestamp":"2025-03-30T13:48:40.790Z"}
{"level":"info","message":"Identity service running on port 3001","service":"identity-service","timestamp":"2025-03-31T16:59:34.251Z"}
{"level":"info","message":"Connected to mongoDB","service":"identity-service","timestamp":"2025-03-31T16:59:34.872Z"}
{"level":"info","message":"Received POST request to /api/auth/login","service":"identity-service","timestamp":"2025-03-31T16:59:41.113Z"}
{"level":"info","message":"Request body [object Object] ","service":"identity-service","timestamp":"2025-03-31T16:59:41.115Z"}
{"level":"info","message":"Login endpoint hit...","service":"identity-service","timestamp":"2025-03-31T16:59:41.123Z"}
{"level":"info","message":"Received POST request to /api/auth/login","service":"identity-service","timestamp":"2025-03-31T17:15:30.058Z"}
{"level":"info","message":"Request body [object Object] ","service":"identity-service","timestamp":"2025-03-31T17:15:30.059Z"}
{"level":"info","message":"Login endpoint hit...","service":"identity-service","timestamp":"2025-03-31T17:15:30.061Z"}
{"level":"info","message":"Identity service running on port 3001","service":"identity-service","timestamp":"2025-04-01T17:04:12.397Z"}
{"level":"info","message":"Connected to mongoDB","service":"identity-service","timestamp":"2025-04-01T17:04:13.118Z"}
{"level":"info","message":"Identity service running on port 3001","service":"identity-service","timestamp":"2025-04-02T16:20:21.696Z"}
{"level":"info","message":"Connected to mongoDB","service":"identity-service","timestamp":"2025-04-02T16:20:22.334Z"}
{"level":"info","message":"Received POST request to /api/auth/login","service":"identity-service","timestamp":"2025-04-02T16:48:50.283Z"}
{"level":"info","message":"Request body [object Object] ","service":"identity-service","timestamp":"2025-04-02T16:48:50.285Z"}
{"level":"info","message":"Login endpoint hit...","service":"identity-service","timestamp":"2025-04-02T16:48:50.297Z"}
{"level":"info","message":"Identity service running on port 3001","service":"identity-service","timestamp":"2025-04-03T16:16:15.262Z"}
{"level":"info","message":"Connected to mongoDB","service":"identity-service","timestamp":"2025-04-03T16:16:33.028Z"}
{"level":"info","message":"Received POST request to /api/auth/login","service":"identity-service","timestamp":"2025-04-03T17:37:32.110Z"}
{"level":"info","message":"Request body [object Object] ","service":"identity-service","timestamp":"2025-04-03T17:37:32.112Z"}
{"level":"info","message":"Login endpoint hit...","service":"identity-service","timestamp":"2025-04-03T17:37:32.137Z"}
{"level":"info","message":"Received POST request to /api/auth/login","service":"identity-service","timestamp":"2025-04-03T17:45:08.482Z"}
{"level":"info","message":"Request body [object Object] ","service":"identity-service","timestamp":"2025-04-03T17:45:08.483Z"}
{"level":"info","message":"Login endpoint hit...","service":"identity-service","timestamp":"2025-04-03T17:45:08.488Z"}
{"level":"info","message":"Received POST request to /api/auth/login","service":"identity-service","timestamp":"2025-04-03T17:45:23.736Z"}
{"level":"info","message":"Request body [object Object] ","service":"identity-service","timestamp":"2025-04-03T17:45:23.737Z"}
{"level":"info","message":"Login endpoint hit...","service":"identity-service","timestamp":"2025-04-03T17:45:23.749Z"}
{"level":"info","message":"Identity service running on port 3001","service":"identity-service","timestamp":"2025-04-05T12:20:10.413Z"}
{"level":"info","message":"Connected to mongoDB","service":"identity-service","timestamp":"2025-04-05T12:20:11.076Z"}
{"level":"info","message":"Received POST request to /api/auth/login","service":"identity-service","timestamp":"2025-04-05T12:20:40.469Z"}
{"level":"info","message":"Request body [object Object] ","service":"identity-service","timestamp":"2025-04-05T12:20:40.470Z"}
{"level":"info","message":"Login endpoint hit...","service":"identity-service","timestamp":"2025-04-05T12:20:40.521Z"}
{"level":"info","message":"Received POST request to /api/auth/login","service":"identity-service","timestamp":"2025-04-05T12:36:15.009Z"}
{"level":"info","message":"Request body [object Object] ","service":"identity-service","timestamp":"2025-04-05T12:36:15.010Z"}
{"level":"info","message":"Login endpoint hit...","service":"identity-service","timestamp":"2025-04-05T12:36:15.013Z"}
{"level":"info","message":"Identity service running on port 3001","service":"identity-service","timestamp":"2025-04-05T13:44:07.804Z"}
{"level":"info","message":"Connected to mongoDB","service":"identity-service","timestamp":"2025-04-05T13:44:08.288Z"}
{"level":"info","message":"Identity service running on port 3001","service":"identity-service","timestamp":"2025-04-06T05:10:27.871Z"}
{"level":"info","message":"Connected to mongoDB","service":"identity-service","timestamp":"2025-04-06T05:10:28.444Z"}
{"level":"info","message":"Received POST request to /api/auth/login","service":"identity-service","timestamp":"2025-04-06T05:56:13.805Z"}
{"level":"info","message":"Request body [object Object] ","service":"identity-service","timestamp":"2025-04-06T05:56:13.806Z"}
{"level":"info","message":"Login endpoint hit...","service":"identity-service","timestamp":"2025-04-06T05:56:13.815Z"}
{"level":"info","message":"Received POST request to /api/auth/login","service":"identity-service","timestamp":"2025-04-06T06:17:44.273Z"}
{"level":"info","message":"Request body [object Object] ","service":"identity-service","timestamp":"2025-04-06T06:17:44.277Z"}
{"level":"info","message":"Login endpoint hit...","service":"identity-service","timestamp":"2025-04-06T06:17:44.284Z"}
{"level":"info","message":"Received POST request to /api/auth/login","service":"identity-service","timestamp":"2025-04-06T06:25:35.118Z"}
{"level":"info","message":"Request body [object Object] ","service":"identity-service","timestamp":"2025-04-06T06:25:35.120Z"}
{"level":"info","message":"Login endpoint hit...","service":"identity-service","timestamp":"2025-04-06T06:25:35.125Z"}
{"level":"info","message":"Received POST request to /api/auth/login","service":"identity-service","timestamp":"2025-04-06T06:25:44.748Z"}
{"level":"info","message":"Request body [object Object] ","service":"identity-service","timestamp":"2025-04-06T06:25:44.749Z"}
{"level":"info","message":"Login endpoint hit...","service":"identity-service","timestamp":"2025-04-06T06:25:44.755Z"}
